2022-09-25 09:11:26  [ main:0 ] - [ ERROR ]  Could not load service provider for factories.
java.util.ServiceConfigurationError: org.apache.flink.table.factories.Factory: Provider org.apache.flink.table.formats.raw.RawFormatFactory could not be instantiated
	at java.util.ServiceLoader.fail(ServiceLoader.java:232)
	at java.util.ServiceLoader.access$100(ServiceLoader.java:185)
	at java.util.ServiceLoader$LazyIterator.nextService(ServiceLoader.java:384)
	at java.util.ServiceLoader$LazyIterator.next(ServiceLoader.java:404)
	at java.util.ServiceLoader$1.next(ServiceLoader.java:480)
	at java.util.Iterator.forEachRemaining(Iterator.java:116)
	at org.apache.flink.table.factories.FactoryUtil.discoverFactories(FactoryUtil.java:503)
	at org.apache.flink.table.factories.FactoryUtil.discoverFactory(FactoryUtil.java:298)
	at org.apache.flink.table.api.bridge.java.internal.StreamTableEnvironmentImpl.lookupExecutor(StreamTableEnvironmentImpl.java:176)
	at org.apache.flink.table.api.bridge.java.internal.StreamTableEnvironmentImpl.create(StreamTableEnvironmentImpl.java:148)
	at org.apache.flink.table.api.bridge.java.StreamTableEnvironment.create(StreamTableEnvironment.java:128)
	at flinksql.demos.Demo4_SqlTableCreate.main(Demo4_SqlTableCreate.java:14)
Caused by: java.lang.NoClassDefFoundError: org/apache/flink/shaded/guava18/com/google/common/collect/Sets
	at org.apache.flink.table.formats.raw.RawFormatFactory.<clinit>(RawFormatFactory.java:144)
	at sun.reflect.NativeConstructorAccessorImpl.newInstance0(Native Method)
	at sun.reflect.NativeConstructorAccessorImpl.newInstance(NativeConstructorAccessorImpl.java:62)
	at sun.reflect.DelegatingConstructorAccessorImpl.newInstance(DelegatingConstructorAccessorImpl.java:45)
	at java.lang.reflect.Constructor.newInstance(Constructor.java:423)
	at java.lang.Class.newInstance(Class.java:442)
	at java.util.ServiceLoader$LazyIterator.nextService(ServiceLoader.java:380)
	... 9 more
Caused by: java.lang.ClassNotFoundException: org.apache.flink.shaded.guava18.com.google.common.collect.Sets
	at java.net.URLClassLoader.findClass(URLClassLoader.java:382)
	at java.lang.ClassLoader.loadClass(ClassLoader.java:418)
	at sun.misc.Launcher$AppClassLoader.loadClass(Launcher.java:355)
	at java.lang.ClassLoader.loadClass(ClassLoader.java:351)
	... 16 more
